Arguments: 
  /usr/local/Cellar/node/11.6.0/bin/node /usr/local/Cellar/yarn/1.12.3/libexec/bin/yarn.js

PATH: 
  /usr/local/Cellar/mongodb/4.0.2/bin:/usr/local/bin:/usr/bin:/bin:/usr/sbin:/sbin:/usr/local/go/bin:/usr/local/go/bin:/usr/local/mysql/bin

Yarn version: 
  1.12.3

Node version: 
  11.6.0

Platform: 
  darwin x64

Trace: 
  Error: https://registry.yarnpkg.com/caniuse-lite/-/caniuse-lite-1.0.30000966.tgz: ESOCKETTIMEDOUT
      at ClientRequest.<anonymous> (/usr/local/Cellar/yarn/1.12.3/libexec/lib/cli.js:129645:19)
      at Object.onceWrapper (events.js:276:13)
      at ClientRequest.emit (events.js:188:13)
      at TLSSocket.emitRequestTimeout (_http_client.js:668:40)
      at Object.onceWrapper (events.js:276:13)
      at TLSSocket.emit (events.js:188:13)
      at TLSSocket.Socket._onTimeout (net.js:446:8)
      at listOnTimeout (timers.js:324:15)
      at processTimers (timers.js:268:5)

npm manifest: 
  {
    "scripts": {
      "dev": "webpack-dev-server --open --hot",
      "pub": "NODE_ENV=production webpack --config webpack-dist.config.js && rm -rf .public"
    },
    "devDependencies": {
      "autoprefixer": "^7.1.2",
      "chrome-finder": "^1.0.1",
      "compass-mixins": "^0.12.10",
      "css-loader": "^0.28.5",
      "end-webpack-plugin": "^1.0.0",
      "extract-text-webpack-plugin": "^3.0.0",
      "gh-pages": "^1.0.0",
      "node-sass": "^4.5.3",
      "postcss-loader": "^2.0.6",
      "sass-loader": "^6.0.5",
      "style-loader": "^0.18.0",
      "web-webpack-plugin": "^1.9.3",
      "webpack": "^3.5.5",
      "webpack-dev-server": "^2.7.1"
    }
  }

yarn manifest: 
  No manifest

Lockfile: 
  No lockfile
